[debug] [2024-03-16T07:18:55.320Z] ----------------------------------------------------------------------
[debug] [2024-03-16T07:18:55.467Z] Command:       C:\Program Files\nodejs\node.exe C:\Users\jacqu\AppData\Roaming\npm\node_modules\firebase-tools\lib\bin\firebase.js init
[debug] [2024-03-16T07:18:55.468Z] CLI Version:   13.5.1
[debug] [2024-03-16T07:18:55.486Z] Platform:      win32
[debug] [2024-03-16T07:18:55.489Z] Node Version:  v20.11.0
[debug] [2024-03-16T07:18:55.492Z] Time:          Sat Mar 16 2024 03:18:55 GMT-0400 (Eastern Daylight Time)
[debug] [2024-03-16T07:18:55.493Z] ----------------------------------------------------------------------
[debug] 
[debug] [2024-03-16T07:18:55.562Z] > command requires scopes: ["email","openid","https://www.googleapis.com/auth/cloudplatformprojects.readonly","https://www.googleapis.com/auth/firebase","https://www.googleapis.com/auth/cloud-platform"]
[debug] [2024-03-16T07:18:55.568Z] > authorizing via signed-in user (jossayacamille@gmail.com)
[info] 
     ######## #### ########  ######## ########     ###     ######  ########
     ##        ##  ##     ## ##       ##     ##  ##   ##  ##       ##
     ######    ##  ########  ######   ########  #########  ######  ######
     ##        ##  ##    ##  ##       ##     ## ##     ##       ## ##
     ##       #### ##     ## ######## ########  ##     ##  ######  ########

You're about to initialize a Firebase project in this directory:

  C:\Users\jacqu\her-story

[info] 
=== Project Setup
[info] 
[info] First, let's associate this project directory with a Firebase project.
[info] You can create multiple project aliases by running firebase use --add, 
[info] but for now we'll just set up a default project.
[info] 
[debug] [2024-03-16T07:19:38.513Z] >>> [apiv2][query] GET https://firebase.googleapis.com/v1beta1/projects pageSize=100
[debug] [2024-03-16T07:19:39.430Z] <<< [apiv2][status] GET https://firebase.googleapis.com/v1beta1/projects 200
[debug] [2024-03-16T07:19:39.430Z] <<< [apiv2][body] GET https://firebase.googleapis.com/v1beta1/projects [omitted]
[info] i  Using project herstory-9124d (HerStory) 
[info] 
=== Database Setup
[info] i  database: ensuring required API firebasedatabase.googleapis.com is enabled... 
[debug] [2024-03-16T07:19:40.914Z] >>> [apiv2][query] GET https://serviceusage.googleapis.com/v1/projects/herstory-9124d/services/firebasedatabase.googleapis.com [none]
[debug] [2024-03-16T07:19:40.914Z] >>> [apiv2][(partial)header] GET https://serviceusage.googleapis.com/v1/projects/herstory-9124d/services/firebasedatabase.googleapis.com x-goog-quota-user=projects/herstory-9124d
[debug] [2024-03-16T07:19:41.665Z] <<< [apiv2][status] GET https://serviceusage.googleapis.com/v1/projects/herstory-9124d/services/firebasedatabase.googleapis.com 200
[debug] [2024-03-16T07:19:41.665Z] <<< [apiv2][body] GET https://serviceusage.googleapis.com/v1/projects/herstory-9124d/services/firebasedatabase.googleapis.com [omitted]
[warn] !  database: missing required API firebasedatabase.googleapis.com. Enabling now... 
[debug] [2024-03-16T07:19:41.668Z] >>> [apiv2][query] POST https://serviceusage.googleapis.com/v1/projects/herstory-9124d/services/firebasedatabase.googleapis.com:enable [none]
[debug] [2024-03-16T07:19:41.671Z] >>> [apiv2][(partial)header] POST https://serviceusage.googleapis.com/v1/projects/herstory-9124d/services/firebasedatabase.googleapis.com:enable x-goog-quota-user=projects/herstory-9124d
[debug] [2024-03-16T07:19:42.585Z] <<< [apiv2][status] POST https://serviceusage.googleapis.com/v1/projects/herstory-9124d/services/firebasedatabase.googleapis.com:enable 200
[debug] [2024-03-16T07:19:42.585Z] <<< [apiv2][body] POST https://serviceusage.googleapis.com/v1/projects/herstory-9124d/services/firebasedatabase.googleapis.com:enable [omitted]
[debug] [2024-03-16T07:19:52.591Z] >>> [apiv2][query] GET https://serviceusage.googleapis.com/v1/projects/herstory-9124d/services/firebasedatabase.googleapis.com [none]
[debug] [2024-03-16T07:19:52.592Z] >>> [apiv2][(partial)header] GET https://serviceusage.googleapis.com/v1/projects/herstory-9124d/services/firebasedatabase.googleapis.com x-goog-quota-user=projects/herstory-9124d
[debug] [2024-03-16T07:19:53.601Z] <<< [apiv2][status] GET https://serviceusage.googleapis.com/v1/projects/herstory-9124d/services/firebasedatabase.googleapis.com 200
[debug] [2024-03-16T07:19:53.601Z] <<< [apiv2][body] GET https://serviceusage.googleapis.com/v1/projects/herstory-9124d/services/firebasedatabase.googleapis.com [omitted]
[info] +  database: required API firebasedatabase.googleapis.com is enabled 
[info] 
[debug] [2024-03-16T07:19:53.937Z] >>> [apiv2][query] GET https://firebase.googleapis.com/v1beta1/projects/herstory-9124d [none]
[debug] [2024-03-16T07:19:54.466Z] <<< [apiv2][status] GET https://firebase.googleapis.com/v1beta1/projects/herstory-9124d 200
[debug] [2024-03-16T07:19:54.467Z] <<< [apiv2][body] GET https://firebase.googleapis.com/v1beta1/projects/herstory-9124d {"projectId":"herstory-9124d","projectNumber":"266596236872","displayName":"HerStory","name":"projects/herstory-9124d","resources":{"hostingSite":"herstory-9124d"},"state":"ACTIVE","etag":"1_2b967609-2851-4226-9798-aa0279a9788c"}
[debug] [2024-03-16T07:20:04.113Z] >>> [apiv2][query] POST https://firebasedatabase.googleapis.com/v1beta/projects/herstory-9124d/locations/us-central1/instances databaseId=herstory-9124d-default-rtdb&validateOnly=true
[debug] [2024-03-16T07:20:04.117Z] >>> [apiv2][body] POST https://firebasedatabase.googleapis.com/v1beta/projects/herstory-9124d/locations/us-central1/instances {"type":"default_database"}
[debug] [2024-03-16T07:20:05.065Z] <<< [apiv2][status] POST https://firebasedatabase.googleapis.com/v1beta/projects/herstory-9124d/locations/us-central1/instances 200
[debug] [2024-03-16T07:20:05.065Z] <<< [apiv2][body] POST https://firebasedatabase.googleapis.com/v1beta/projects/herstory-9124d/locations/us-central1/instances {"name":"projects/266596236872/locations/us-central1/instances/herstory-9124d-default-rtdb","project":"projects/266596236872","databaseUrl":"https://herstory-9124d-default-rtdb.firebaseio.com","type":"DEFAULT_DATABASE","state":"ACTIVE"}
[debug] [2024-03-16T07:20:05.129Z] >>> [apiv2][query] POST https://firebasedatabase.googleapis.com/v1beta/projects/herstory-9124d/locations/us-central1/instances databaseId=herstory-9124d-default-rtdb
[debug] [2024-03-16T07:20:05.130Z] >>> [apiv2][body] POST https://firebasedatabase.googleapis.com/v1beta/projects/herstory-9124d/locations/us-central1/instances {"type":"default_database"}
[debug] [2024-03-16T07:20:05.827Z] <<< [apiv2][status] POST https://firebasedatabase.googleapis.com/v1beta/projects/herstory-9124d/locations/us-central1/instances 200
[debug] [2024-03-16T07:20:05.827Z] <<< [apiv2][body] POST https://firebasedatabase.googleapis.com/v1beta/projects/herstory-9124d/locations/us-central1/instances {"name":"projects/266596236872/locations/us-central1/instances/herstory-9124d-default-rtdb","project":"projects/266596236872","databaseUrl":"https://herstory-9124d-default-rtdb.firebaseio.com","type":"DEFAULT_DATABASE","state":"ACTIVE"}
[info] 
[info] Firebase Realtime Database Security Rules allow you to define how your data should be
[info] structured and when your data can be read from and written to.
[info] 
[debug] [2024-03-16T07:20:08.213Z] >>> [apiv2][query] GET https://herstory-9124d-default-rtdb.firebaseio.com/.settings/rules.json [none]
[debug] [2024-03-16T07:20:09.005Z] <<< [apiv2][status] GET https://herstory-9124d-default-rtdb.firebaseio.com/.settings/rules.json 200
[debug] [2024-03-16T07:20:09.006Z] <<< [apiv2][body] GET https://herstory-9124d-default-rtdb.firebaseio.com/.settings/rules.json [stream]
[info] +  Database Rules for herstory-9124d-default-rtdb have been written to database.rules.json. 
[info] Future modifications to database.rules.json will update Realtime Database Security Rules when you run
[info] firebase deploy.
[info] 
=== Hosting Setup
[debug] [2024-03-16T07:20:09.078Z] >>> [apiv2][query] GET https://firebase.googleapis.com/v1beta1/projects/herstory-9124d [none]
[debug] [2024-03-16T07:20:09.629Z] <<< [apiv2][status] GET https://firebase.googleapis.com/v1beta1/projects/herstory-9124d 200
[debug] [2024-03-16T07:20:09.632Z] <<< [apiv2][body] GET https://firebase.googleapis.com/v1beta1/projects/herstory-9124d {"projectId":"herstory-9124d","projectNumber":"266596236872","displayName":"HerStory","name":"projects/herstory-9124d","resources":{"hostingSite":"herstory-9124d","realtimeDatabaseInstance":"herstory-9124d-default-rtdb"},"state":"ACTIVE","etag":"1_2b967609-2851-4226-9798-aa0279a9788c"}
[info] 
[info] Your public directory is the folder (relative to your project directory) that
[info] will contain Hosting assets to be uploaded with firebase deploy. If you
[info] have a build process for your assets, use your build's output directory.
[info] 
[info] +  Wrote public/404.html 
[debug] [2024-03-16T07:20:27.734Z] >>> [apiv2][query] GET https://www.gstatic.com/firebasejs/releases.json [none]
[debug] [2024-03-16T07:20:28.520Z] <<< [apiv2][status] GET https://www.gstatic.com/firebasejs/releases.json 200
[debug] [2024-03-16T07:20:28.520Z] <<< [apiv2][body] GET https://www.gstatic.com/firebasejs/releases.json {"current":{"version":"10.9.0","browserURL":"https://www.gstatic.com/firebasejs/10.9.0/firebase.js","packageURL":"https://www.gstatic.com/firebasejs/10.9.0/firebase.tgz"},"live":{"version":"10.9","browserURL":"https://www.gstatic.com/firebasejs/live/10.9/firebase.js","packageURL":"https://www.gstatic.com/firebasejs/live/10.9/firebase.tgz"},"components":{"analytics":"https://www.gstatic.com/firebasejs/10.9.0/firebase-analytics.js","app":"https://www.gstatic.com/firebasejs/10.9.0/firebase-app.js","app-check":"https://www.gstatic.com/firebasejs/10.9.0/firebase-app-check.js","auth":"https://www.gstatic.com/firebasejs/10.9.0/firebase-auth.js","auth/cordova":"https://www.gstatic.com/firebasejs/10.9.0/firebase-auth/cordova.js","auth/web-extension":"https://www.gstatic.com/firebasejs/10.9.0/firebase-auth/web-extension.js","functions":"https://www.gstatic.com/firebasejs/10.9.0/firebase-functions.js","firestore":"https://www.gstatic.com/firebasejs/10.9.0/firebase-firestore.js","firestore/lite":"https://www.gstatic.com/firebasejs/10.9.0/firebase-firestore/lite.js","installations":"https://www.gstatic.com/firebasejs/10.9.0/firebase-installations.js","storage":"https://www.gstatic.com/firebasejs/10.9.0/firebase-storage.js","performance":"https://www.gstatic.com/firebasejs/10.9.0/firebase-performance.js","remote-config":"https://www.gstatic.com/firebasejs/10.9.0/firebase-remote-config.js","messaging":"https://www.gstatic.com/firebasejs/10.9.0/firebase-messaging.js","messaging/sw":"https://www.gstatic.com/firebasejs/10.9.0/firebase-messaging/sw.js","database":"https://www.gstatic.com/firebasejs/10.9.0/firebase-database.js","firestore.memory":"https://www.gstatic.com/firebasejs/10.9.0/firebase-firestore.memory.js"}}
[info] i  Skipping write of public/index.html 
[info] 
[info] i  Detected a .git folder at C:\Users\jacqu\her-story 
[info] i  Authorizing with GitHub to upload your service account to a GitHub repository's secrets store. 
[info] 
[info] Visit this URL on this device to log in:
[info] https://github.com/login/oauth/authorize?client_id=89cf50f02ac6aaed3484&state=841159519&redirect_uri=http%3A%2F%2Flocalhost%3A9005&scope=read%3Auser%20repo%20public_repo
[info] 
[info] Waiting for authentication...
